[0.814s] Invoking command in '/home/phumint/turtlebot3_ws/src/bug2_nav': PYTHONPATH=/home/phumint/turtlebot3_ws/src/bug2_nav/build/bug2_nav/prefix_override:/usr/lib/python3/dist-packages/colcon_core/task/python/colcon_distutils_commands:/home/phumint/turtlebot3_ws/src/bug2_nav/install/bug2_nav/lib/python3.10/site-packages:${PYTHONPATH} /usr/bin/python3 -W ignore:setup.py install is deprecated -W ignore:easy_install command is deprecated setup.py egg_info --egg-base build/bug2_nav build --build-base /home/phumint/turtlebot3_ws/src/bug2_nav/build/bug2_nav/build install --record /home/phumint/turtlebot3_ws/src/bug2_nav/build/bug2_nav/install.log --single-version-externally-managed install_data
[1.176s] running egg_info
[1.177s] creating build/bug2_nav/bug2_nav.egg-info
[1.178s] writing build/bug2_nav/bug2_nav.egg-info/PKG-INFO
[1.178s] writing dependency_links to build/bug2_nav/bug2_nav.egg-info/dependency_links.txt
[1.178s] writing entry points to build/bug2_nav/bug2_nav.egg-info/entry_points.txt
[1.179s] writing requirements to build/bug2_nav/bug2_nav.egg-info/requires.txt
[1.179s] writing top-level names to build/bug2_nav/bug2_nav.egg-info/top_level.txt
[1.179s] writing manifest file 'build/bug2_nav/bug2_nav.egg-info/SOURCES.txt'
[1.181s] reading manifest file 'build/bug2_nav/bug2_nav.egg-info/SOURCES.txt'
[1.182s] writing manifest file 'build/bug2_nav/bug2_nav.egg-info/SOURCES.txt'
[1.182s] running build
[1.183s] running build_py
[1.183s] creating /home/phumint/turtlebot3_ws/src/bug2_nav/build/bug2_nav/build
[1.183s] creating /home/phumint/turtlebot3_ws/src/bug2_nav/build/bug2_nav/build/lib
[1.183s] creating /home/phumint/turtlebot3_ws/src/bug2_nav/build/bug2_nav/build/lib/bug2_nav
[1.184s] copying bug2_nav/__init__.py -> /home/phumint/turtlebot3_ws/src/bug2_nav/build/bug2_nav/build/lib/bug2_nav
[1.184s] copying bug2_nav/left_wall_following.py -> /home/phumint/turtlebot3_ws/src/bug2_nav/build/bug2_nav/build/lib/bug2_nav
[1.184s] copying bug2_nav/laser_scan.py -> /home/phumint/turtlebot3_ws/src/bug2_nav/build/bug2_nav/build/lib/bug2_nav
[1.184s] running install
[1.184s] running install_lib
[1.185s] creating /home/phumint/turtlebot3_ws/src/bug2_nav/install/bug2_nav/lib/python3.10/site-packages/bug2_nav
[1.185s] copying /home/phumint/turtlebot3_ws/src/bug2_nav/build/bug2_nav/build/lib/bug2_nav/__init__.py -> /home/phumint/turtlebot3_ws/src/bug2_nav/install/bug2_nav/lib/python3.10/site-packages/bug2_nav
[1.185s] copying /home/phumint/turtlebot3_ws/src/bug2_nav/build/bug2_nav/build/lib/bug2_nav/left_wall_following.py -> /home/phumint/turtlebot3_ws/src/bug2_nav/install/bug2_nav/lib/python3.10/site-packages/bug2_nav
[1.185s] copying /home/phumint/turtlebot3_ws/src/bug2_nav/build/bug2_nav/build/lib/bug2_nav/laser_scan.py -> /home/phumint/turtlebot3_ws/src/bug2_nav/install/bug2_nav/lib/python3.10/site-packages/bug2_nav
[1.186s] byte-compiling /home/phumint/turtlebot3_ws/src/bug2_nav/install/bug2_nav/lib/python3.10/site-packages/bug2_nav/__init__.py to __init__.cpython-310.pyc
[1.186s] byte-compiling /home/phumint/turtlebot3_ws/src/bug2_nav/install/bug2_nav/lib/python3.10/site-packages/bug2_nav/left_wall_following.py to left_wall_following.cpython-310.pyc
[1.187s] byte-compiling /home/phumint/turtlebot3_ws/src/bug2_nav/install/bug2_nav/lib/python3.10/site-packages/bug2_nav/laser_scan.py to laser_scan.cpython-310.pyc
[1.188s] running install_data
[1.188s] creating /home/phumint/turtlebot3_ws/src/bug2_nav/install/bug2_nav/share/ament_index
[1.188s] creating /home/phumint/turtlebot3_ws/src/bug2_nav/install/bug2_nav/share/ament_index/resource_index
[1.188s] creating /home/phumint/turtlebot3_ws/src/bug2_nav/install/bug2_nav/share/ament_index/resource_index/packages
[1.189s] copying resource/bug2_nav -> /home/phumint/turtlebot3_ws/src/bug2_nav/install/bug2_nav/share/ament_index/resource_index/packages
[1.189s] copying package.xml -> /home/phumint/turtlebot3_ws/src/bug2_nav/install/bug2_nav/share/bug2_nav
[1.189s] running install_egg_info
[1.194s] Copying build/bug2_nav/bug2_nav.egg-info to /home/phumint/turtlebot3_ws/src/bug2_nav/install/bug2_nav/lib/python3.10/site-packages/bug2_nav-0.0.0-py3.10.egg-info
[1.195s] running install_scripts
[1.223s] Installing laser_scan script to /home/phumint/turtlebot3_ws/src/bug2_nav/install/bug2_nav/lib/bug2_nav
[1.223s] writing list of installed files to '/home/phumint/turtlebot3_ws/src/bug2_nav/build/bug2_nav/install.log'
[1.256s] Invoked command in '/home/phumint/turtlebot3_ws/src/bug2_nav' returned '0': PYTHONPATH=/home/phumint/turtlebot3_ws/src/bug2_nav/build/bug2_nav/prefix_override:/usr/lib/python3/dist-packages/colcon_core/task/python/colcon_distutils_commands:/home/phumint/turtlebot3_ws/src/bug2_nav/install/bug2_nav/lib/python3.10/site-packages:${PYTHONPATH} /usr/bin/python3 -W ignore:setup.py install is deprecated -W ignore:easy_install command is deprecated setup.py egg_info --egg-base build/bug2_nav build --build-base /home/phumint/turtlebot3_ws/src/bug2_nav/build/bug2_nav/build install --record /home/phumint/turtlebot3_ws/src/bug2_nav/build/bug2_nav/install.log --single-version-externally-managed install_data
